<?xml version="1.0" encoding="UTF-8"?>
<testsuite xmlns:xsi="http://www.w3.org/2001/XMLSchema-instance" xsi:noNamespaceSchemaLocation="https://maven.apache.org/surefire/maven-surefire-plugin/xsd/surefire-test-report.xsd" name="com.AppTest" time="0.111" tests="14" errors="0" skipped="0" failures="3">
  <properties>
[...]
</properties>
  <testcase name="testCompatible" classname="com.AppTest" time="0.045"/>
  <testcase name="testRegularExpression" classname="com.AppTest" time="0.018">
    <failure message="expected: &lt;true&gt; but was: &lt;false&gt;" type="org.opentest4j.AssertionFailedError"><![CDATA[org.opentest4j.AssertionFailedError: expected: <true> but was: <false>
	at com.AppTest.testRegularExpression(AppTest.java:178)
]]></failure>
  </testcase>
  <testcase name="shouldAnswerWithTrue" classname="com.AppTest" time="0"/>
  <testcase name="testArray" classname="com.AppTest" time="0.004"/>
  <testcase name="testCustomMatcher" classname="com.AppTest" time="0.006"/>
  <testcase name="testAllEvents" classname="com.AppTest" time="0.002"/>
  <testcase name="testIntegerString" classname="com.AppTest" time="0.002"/>
  <testcase name="testAllRangeOfResult" classname="com.AppTest" time="0.001"/>
  <testcase name="testAnimal" classname="com.AppTest" time="0.001"/>
  <testcase name="testObject" classname="com.AppTest" time="0.001"/>
  <testcase name="testTolerance" classname="com.AppTest" time="0.002"/>
  <testcase name="testNullValue" classname="com.AppTest" time="0.001">
    <failure message="&#10;Expected: null&#10;     but: was &quot;hello&quot;" type="java.lang.AssertionError">java.lang.AssertionError: 

Expected: null
     but: was "hello"
	at com.AppTest.testNullValue(AppTest.java:46)
</failure>
  </testcase>
  <testcase name="testSameObject" classname="com.AppTest" time="0.001">
    <failure message="&#10;Expected: sameInstance(&quot;hello&quot;)&#10;     but: was &quot;hello&quot;" type="java.lang.AssertionError">java.lang.AssertionError: 

Expected: sameInstance("hello")
     but: was "hello"
	at com.AppTest.testSameObject(AppTest.java:56)
</failure>
  </testcase>
  <testcase name="testCollection" classname="com.AppTest" time="0.001"/>
</testsuite>